<?xml version="1.0" encoding="UTF-8"?>
<!-- Generated by org.testng.reporters.JUnitXMLReporter -->
<testsuite hostname="Infva05990" ignored="3" name="Test" tests="1" failures="0" timestamp="20 Sep 2019 19:06:29 GMT" time="0.158" errors="0">
  <testcase name="f3" time="0.063" classname="day8.GroupingExamples"/>
  <testcase name="f1" time="0.0" classname="day8.GroupingExamples">
    <ignored/>
  </testcase> <!-- f1 -->
  <testcase name="f2" time="0.0" classname="day8.GroupingExamples">
    <ignored/>
  </testcase> <!-- f2 -->
  <testcase name="f" time="0.0" classname="day8.GroupingExamples">
    <ignored/>
  </testcase> <!-- f -->
</testsuite> <!-- Test -->
